p/1638541742956.jpg 1 0 0 900 658
p/1638541742989.png 1 0 0 1084 657
p/1638541717237.jpeg 1 0 0 1024 1024
p/1638541743004.jpg 1 0 0 870 541
p/1638541742950.jpg 1 0 0 400 400
p/1638541743002.jpg 1 0 0 720 660
p/1638541743001.jpg 1 0 0 300 300
p/1638541742964.jpg 1 0 0 540 580
p/1638541742957.jpg 1 0 0 900 650
p/1638541742944.jpg 1 0 0 500 500
p/1638541742972.jpg 1 0 0 600 399
p/1638541742953.jpg 1 0 0 1000 1333
p/1638541742994.jpg 1 0 0 450 449
p/1638541742976.jpg 1 0 0 1000 1000
p/1638541742985.jpg 1 0 0 1100 733
p/1638541742965.jpg 1 0 0 375 375
p/1638541742981.jpg 1 0 0 905 600
p/1638541742963.jpg 1 0 0 400 400
p/1638541742975.png 1 0 0 540 540
p/1638541742968.jpg 1 0 0 582 640
p/1638541742986.jpg 1 0 0 1100 734
p/1638541743006.jpg 1 0 0 528 396
p/1638541743009.jpg 1 0 0 770 514
p/1638541743002.png 1 0 0 980 483
p/1638541742951.jpg 1 0 0 500 500
p/1638541742984.jpg 1 0 0 800 800
p/1638541742960.jpg 1 0 0 600 600
p/1638541742945.jpg 1 0 0 560 560
p/1638541742977.jpg 1 0 0 1000 1000
p/1638541742983.jpg 1 0 0 500 500
p/1638541742946.jpg 1 0 0 1200 800
p/1638541742950.jpeg 1 0 0 600 328
p/1638541742988.jpg 1 0 0 447 220
p/1638541743000.jpg 1 0 0 1000 1000
p/1638541742971.jpg 1 0 0 500 500
p/1638541743005.jpg 1 0 0 870 541
p/1638541742984.png 1 0 0 450 450
p/1638541742973.jpg 1 0 0 800 458
p/1638541742981.jpeg 1 0 0 800 800
p/1638541742931.jpg 1 0 0 500 500
p/1638541742969.jpg 1 0 0 1024 1211
p/1638541742932.jpg 1 0 0 1200 1200
p/1638541742990.jpeg 1 0 0 750 750
p/1638541742994.jpeg 1 0 0 1000 1000
p/1638541742987.jpg 1 0 0 1300 1430
p/1638541743007.jpg 1 0 0 1200 1405
p/1638541742996.jpg 1 0 0 375 375
p/1638541743004.png 1 0 0 800 800
p/1638541743008.jpg 1 0 0 737 862
p/1638541742943.jpg 1 0 0 500 500
p/1638541742995.jpg 1 0 0 708 708
p/1638541742954.jpg 1 0 0 900 1200
p/1638541742933.jpg 1 0 0 1300 1430
p/1638541742999.jpg 1 0 0 600 600
p/1638541742958.jpg 1 0 0 444 444
p/1638541742989.jpg 1 0 0 900 600
p/1638541742993.jpg 1 0 0 1180 1180
p/1638541742967.jpg 1 0 0 500 500
p/1638541742935.jpg 1 0 0 400 398
p/1638541742961.jpg 1 0 0 500 500
p/1638541717252.jpg 1 0 0 700 700
p/1638541742992.jpg 1 0 0 770 514
p/1638541742952.jpg 1 0 0 1000 1000
p/1638541742941.jpg 1 0 0 400 400
p/1638541742991.jpg 1 0 0 1000 1000
p/1638541742979.jpg 1 0 0 770 514
p/1638541742977.jpeg 1 0 0 800 800
p/1638541742982.jpg 1 0 0 250 250
p/1638541742947.jpg 1 0 0 300 300
p/1638541742949.jpg 1 0 0 500 500
p/1638541742937.jpg 1 0 0 500 500
p/1638541742940.jpg 1 0 0 501 750
p/1638541743003.png 1 0 0 800 800
p/1638541742938.jpg 1 0 0 900 1200
p/1638541742936.jpg 1 0 0 375 375
p/1638541742959.jpg 1 0 0 375 375
p/1638541742997.jpg 1 0 0 375 375
p/1638541742939.jpg 1 0 0 700 700
p/1638541742970.jpg 1 0 0 375 375
p/1638541742934.jpg 1 0 0 600 600
p/1638541742974.jpg 1 0 0 1000 1000
p/1638541742980.jpg 1 0 0 600 600
p/1638541742948.jpg 1 0 0 900 1200
p/1638541742966.jpg 1 0 0 973 600
p/1638541742975.jpg 1 0 0 1000 1000
p/1638541742978.jpg 1 0 0 500 500
p/1638541742998.jpg 1 0 0 1024 1024
p/1638541742962.jpeg 1 0 0 800 800
p/1638541742961.jpeg 1 0 0 800 800
p/1638541742955.jpg 1 0 0 501 750