p/1638536326867.png 1 0 0 450 450
p/1638536326854.jpg 1 0 0 375 375
p/1638536326936.jpeg 1 0 0 540 540
p/1638536326916.jpg 1 0 0 1440 1920
p/1638536326925.jpg 1 0 0 300 300
p/1638536326894.jpg 1 0 0 700 700
p/1638536326889.jpg 1 0 0 375 375
p/1638536326931.jpg 1 0 0 600 712
p/1638536326907.jpg 1 0 0 1024 991
p/1638536326913.jpg 1 0 0 300 300
p/1638536326903.jpg 1 0 0 550 550
p/1638536326928.jpg 1 0 0 1000 1000
p/1638536326901.jpg 1 0 0 700 700
p/1638536326898.jpg 1 0 0 300 300
p/1638536326891.jpg 1 0 0 1200 1200
p/1638536326874.jpg 1 0 0 377 375
p/1638536326880.jpg 1 0 0 800 800
p/1638536326859.jpg 1 0 0 415 470
p/1638536326855.jpg 1 0 0 1000 1000
p/1638536326887.jpg 1 0 0 1000 1000
p/1638536326864.jpg 1 0 0 401 600
p/1638536326872.jpg 1 0 0 300 443
p/1638536326861.jpg 1 0 0 1000 1000
p/1638536326877.jpg 1 0 0 180 180
p/1638536326870.jpg 1 0 0 310 310
p/1638536326935.jpg 1 0 0 500 500
p/1638536326866.jpg 1 0 0 400 400
p/1638536326857.jpg 1 0 0 530 530
p/1638536326853.jpg 1 0 0 1000 1000
p/1638536326852.jpg 1 0 0 1200 1600
p/1638536326851.jpg 1 0 0 400 400
p/1638536326908.jpg 1 0 0 700 700
p/1638536326871.jpg 1 0 0 375 375
p/1638536326868.jpg 1 0 0 1024 1024
p/1638536326850.jpg 1 0 0 324 324
p/1638536326882.jpg 1 0 0 2000 1094
p/1638536326886.png 1 0 0 530 530
p/1638536326893.jpg 1 0 0 1200 1200
p/1638536326926.jpg 1 0 0 1150 766
p/1638536326936.jpg 1 0 0 800 800
p/1638536326921.jpg 1 0 0 1024 1024
p/1638536326914.jpg 1 0 0 600 600
p/1638536326867.jpg 1 0 0 1100 707
p/1638536326876.jpg 1 0 0 180 180
p/1638536326915.jpg 1 0 0 1000 1000
p/1638536326906.jpg 1 0 0 300 295
p/1638536326883.jpg 1 0 0 800 800
p/1638536326884.jpg 1 0 0 800 800
p/1638536326892.jpg 1 0 0 600 600
p/1638536326885.jpg 1 0 0 853 1280
p/1638536326927.jpg 1 0 0 250 250
p/1638536326923.jpg 1 0 0 550 550
p/1638536326899.png 1 0 0 324 324
p/1638536326933.jpg 1 0 0 1204 803
p/1638536326871.jpeg 1 0 0 526 583
p/1638536326896.jpg 1 0 0 1000 1000
p/1638536326862.jpg 1 0 0 1300 1430
p/1638536326919.jpg 1 0 0 303 209
p/1638536326881.jpg 1 0 0 1100 707
p/1638536326878.jpg 1 0 0 1417 900
p/1638536326912.jpg 1 0 0 600 600
p/1638536326933.png 1 0 0 360 317
p/1638536326849.jpg 1 0 0 1100 707
p/1638536326864.png 1 0 0 600 600
p/1638536326875.jpg 1 0 0 1024 1024
p/1638536326863.jpg 1 0 0 500 500
p/1638536326869.jpg 1 0 0 310 310
p/1638536326908.png 1 0 0 1200 1087
p/1638536326879.jpg 1 0 0 401 601
p/1638536326911.jpg 1 0 0 1000 1000
p/1638536326918.jpg 1 0 0 800 800
p/1638536326888.png 1 0 0 655 593
p/1638536326890.jpg 1 0 0 700 700
p/1638536326909.jpg 1 0 0 800 800
p/1638536326865.jpg 1 0 0 800 800
p/1638536326942.jpeg 1 0 0 690 520
p/1638536326917.jpg 1 0 0 1440 1920
p/1638536326886.jpg 1 0 0 1631 1920
p/1638536326856.jpg 1 0 0 900 1200
p/1638536326888.jpg 1 0 0 800 800
p/1638536326873.jpg 1 0 0 754 400
p/1638536326924.jpg 1 0 0 800 800
p/1638536326934.jpg 1 0 0 1200 1157
p/1638536326895.jpg 1 0 0 750 750
p/1638536326858.jpg 1 0 0 500 388
p/1638536326904.jpg 1 0 0 350 350
p/1638536326902.jpg 1 0 0 351 247
p/1638536326922.jpg 1 0 0 500 500
p/1638536326929.jpg 1 0 0 1000 1000
p/1638536326920.jpg 1 0 0 900 600
p/1638536326930.jpg 1 0 0 500 500
p/1638536326905.jpg 1 0 0 700 700
p/1638536326860.jpg 1 0 0 900 1200
p/1638536326900.jpg 1 0 0 800 800
p/1638536326910.jpg 1 0 0 1000 1000
p/1638536326932.jpg 1 0 0 800 672
p/1638536326897.jpg 1 0 0 375 375
p/1638536326899.jpg 1 0 0 375 375